<?xml version="1.0" encoding="UTF-8"?>
<testng-results ignored="0" total="5" passed="5" failed="0" skipped="0">
  <reporter-output>
  </reporter-output>
  <suite started-at="2023-04-24T03:33:35 PDT" name="Default suite" finished-at="2023-04-24T03:34:22 PDT" duration-ms="47401">
    <groups>
      <group name="cucumber">
        <method signature="AbstractTestNGCucumberTests.runScenario(io.cucumber.testng.PickleWrapper,io.cucumber.testng.FeatureWrapper)[pri:0, instance:com.saucedemo.testscripts.TestRunner@72d1ad2e]" name="runScenario" class="io.cucumber.testng.AbstractTestNGCucumberTests"/>
      </group> <!-- cucumber -->
    </groups>
    <test started-at="2023-04-24T03:33:35 PDT" name="Default test" finished-at="2023-04-24T03:34:22 PDT" duration-ms="47401">
      <class name="com.saucedemo.testscripts.TestRunner">
        <test-method is-config="true" signature="setUpClass(org.testng.ITestContext)[pri:0, instance:com.saucedemo.testscripts.TestRunner@72d1ad2e]" started-at="2023-04-24T03:33:35 PDT" name="setUpClass" finished-at="2023-04-24T03:33:35 PDT" duration-ms="445" status="PASS">
          <params>
            <param index="0">
              <value>
                <![CDATA[org.testng.TestRunner@60aec68a]]>
              </value>
            </param>
          </params>
          <reporter-output>
          </reporter-output>
        </test-method> <!-- setUpClass -->
        <test-method signature="runScenario(io.cucumber.testng.PickleWrapper,io.cucumber.testng.FeatureWrapper)[pri:0, instance:com.saucedemo.testscripts.TestRunner@72d1ad2e]" started-at="2023-04-24T03:33:35 PDT" name="runScenario" description="Runs Cucumber Scenarios" data-provider="scenarios" finished-at="2023-04-24T03:33:52 PDT" duration-ms="16246" status="PASS">
          <params>
            <param index="0">
              <value>
                <![CDATA["user should be able to click on all options"]]>
              </value>
            </param>
            <param index="1">
              <value>
                <![CDATA["Optional[First Scenario]"]]>
              </value>
            </param>
          </params>
          <reporter-output>
          </reporter-output>
        </test-method> <!-- runScenario -->
        <test-method signature="runScenario(io.cucumber.testng.PickleWrapper,io.cucumber.testng.FeatureWrapper)[pri:0, instance:com.saucedemo.testscripts.TestRunner@72d1ad2e]" started-at="2023-04-24T03:33:52 PDT" name="runScenario" description="Runs Cucumber Scenarios" data-provider="scenarios" finished-at="2023-04-24T03:33:59 PDT" duration-ms="6867" status="PASS">
          <params>
            <param index="0">
              <value>
                <![CDATA["User should be able to buy product successfully"]]>
              </value>
            </param>
            <param index="1">
              <value>
                <![CDATA["Optional[First scenario]"]]>
              </value>
            </param>
          </params>
          <reporter-output>
          </reporter-output>
        </test-method> <!-- runScenario -->
        <test-method signature="runScenario(io.cucumber.testng.PickleWrapper,io.cucumber.testng.FeatureWrapper)[pri:0, instance:com.saucedemo.testscripts.TestRunner@72d1ad2e]" started-at="2023-04-24T03:33:59 PDT" name="runScenario" description="Runs Cucumber Scenarios" data-provider="scenarios" finished-at="2023-04-24T03:34:06 PDT" duration-ms="7851" status="PASS">
          <params>
            <param index="0">
              <value>
                <![CDATA["user should be able to interact with application successfully"]]>
              </value>
            </param>
            <param index="1">
              <value>
                <![CDATA["Optional[Third Scenario]"]]>
              </value>
            </param>
          </params>
          <reporter-output>
          </reporter-output>
        </test-method> <!-- runScenario -->
        <test-method signature="runScenario(io.cucumber.testng.PickleWrapper,io.cucumber.testng.FeatureWrapper)[pri:0, instance:com.saucedemo.testscripts.TestRunner@72d1ad2e]" started-at="2023-04-24T03:34:06 PDT" name="runScenario" description="Runs Cucumber Scenarios" data-provider="scenarios" finished-at="2023-04-24T03:34:14 PDT" duration-ms="7580" status="PASS">
          <params>
            <param index="0">
              <value>
                <![CDATA["user should be able to click on all required button"]]>
              </value>
            </param>
            <param index="1">
              <value>
                <![CDATA["Optional[Forth Scenario]"]]>
              </value>
            </param>
          </params>
          <reporter-output>
          </reporter-output>
        </test-method> <!-- runScenario -->
        <test-method signature="runScenario(io.cucumber.testng.PickleWrapper,io.cucumber.testng.FeatureWrapper)[pri:0, instance:com.saucedemo.testscripts.TestRunner@72d1ad2e]" started-at="2023-04-24T03:34:14 PDT" name="runScenario" description="Runs Cucumber Scenarios" data-provider="scenarios" finished-at="2023-04-24T03:34:22 PDT" duration-ms="8309" status="PASS">
          <params>
            <param index="0">
              <value>
                <![CDATA["User should be able to finish all the process of buying successfully"]]>
              </value>
            </param>
            <param index="1">
              <value>
                <![CDATA["Optional[fifth Sceanrio]"]]>
              </value>
            </param>
          </params>
          <reporter-output>
          </reporter-output>
        </test-method> <!-- runScenario -->
        <test-method is-config="true" signature="tearDownClass()[pri:0, instance:com.saucedemo.testscripts.TestRunner@72d1ad2e]" started-at="2023-04-24T03:34:22 PDT" name="tearDownClass" finished-at="2023-04-24T03:34:22 PDT" duration-ms="11" status="PASS">
          <reporter-output>
          </reporter-output>
        </test-method> <!-- tearDownClass -->
      </class> <!-- com.saucedemo.testscripts.TestRunner -->
    </test> <!-- Default test -->
  </suite> <!-- Default suite -->
</testng-results>
