<?xml version="1.0" encoding="UTF-8"?>
<testng-results ignored="0" total="5" passed="5" failed="0" skipped="0">
  <reporter-output>
  </reporter-output>
  <suite started-at="2023-04-29T08:51:33 PDT" name="Default suite" finished-at="2023-04-29T08:52:06 PDT" duration-ms="32878">
    <groups>
      <group name="cucumber">
        <method signature="AbstractTestNGCucumberTests.runScenario(io.cucumber.testng.PickleWrapper,io.cucumber.testng.FeatureWrapper)[pri:0, instance:com.saucedemo.testscripts.TestRunner@5158b42f]" name="runScenario" class="io.cucumber.testng.AbstractTestNGCucumberTests"/>
      </group> <!-- cucumber -->
    </groups>
    <test started-at="2023-04-29T08:51:33 PDT" name="Default test" finished-at="2023-04-29T08:52:06 PDT" duration-ms="32878">
      <class name="com.saucedemo.testscripts.TestRunner">
        <test-method is-config="true" signature="setUpClass(org.testng.ITestContext)[pri:0, instance:com.saucedemo.testscripts.TestRunner@5158b42f]" started-at="2023-04-29T08:51:33 PDT" name="setUpClass" finished-at="2023-04-29T08:51:33 PDT" duration-ms="329" status="PASS">
          <params>
            <param index="0">
              <value>
                <![CDATA[org.testng.TestRunner@d919544]]>
              </value>
            </param>
          </params>
          <reporter-output>
          </reporter-output>
        </test-method> <!-- setUpClass -->
        <test-method signature="runScenario(io.cucumber.testng.PickleWrapper,io.cucumber.testng.FeatureWrapper)[pri:0, instance:com.saucedemo.testscripts.TestRunner@5158b42f]" started-at="2023-04-29T08:51:33 PDT" name="runScenario" description="Runs Cucumber Scenarios" data-provider="scenarios" finished-at="2023-04-29T08:51:41 PDT" duration-ms="7026" status="PASS">
          <params>
            <param index="0">
              <value>
                <![CDATA["user should be able to click on all options"]]>
              </value>
            </param>
            <param index="1">
              <value>
                <![CDATA["Optional[First Scenario]"]]>
              </value>
            </param>
          </params>
          <reporter-output>
          </reporter-output>
        </test-method> <!-- runScenario -->
        <test-method signature="runScenario(io.cucumber.testng.PickleWrapper,io.cucumber.testng.FeatureWrapper)[pri:0, instance:com.saucedemo.testscripts.TestRunner@5158b42f]" started-at="2023-04-29T08:51:41 PDT" name="runScenario" description="Runs Cucumber Scenarios" data-provider="scenarios" finished-at="2023-04-29T08:51:45 PDT" duration-ms="4904" status="PASS">
          <params>
            <param index="0">
              <value>
                <![CDATA["User should be able to buy product successfully"]]>
              </value>
            </param>
            <param index="1">
              <value>
                <![CDATA["Optional[First scenario]"]]>
              </value>
            </param>
          </params>
          <reporter-output>
          </reporter-output>
        </test-method> <!-- runScenario -->
        <test-method signature="runScenario(io.cucumber.testng.PickleWrapper,io.cucumber.testng.FeatureWrapper)[pri:0, instance:com.saucedemo.testscripts.TestRunner@5158b42f]" started-at="2023-04-29T08:51:45 PDT" name="runScenario" description="Runs Cucumber Scenarios" data-provider="scenarios" finished-at="2023-04-29T08:51:52 PDT" duration-ms="6248" status="PASS">
          <params>
            <param index="0">
              <value>
                <![CDATA["user should be able to interact with application successfully"]]>
              </value>
            </param>
            <param index="1">
              <value>
                <![CDATA["Optional[Third Scenario]"]]>
              </value>
            </param>
          </params>
          <reporter-output>
          </reporter-output>
        </test-method> <!-- runScenario -->
        <test-method signature="runScenario(io.cucumber.testng.PickleWrapper,io.cucumber.testng.FeatureWrapper)[pri:0, instance:com.saucedemo.testscripts.TestRunner@5158b42f]" started-at="2023-04-29T08:51:52 PDT" name="runScenario" description="Runs Cucumber Scenarios" data-provider="scenarios" finished-at="2023-04-29T08:51:59 PDT" duration-ms="7827" status="PASS">
          <params>
            <param index="0">
              <value>
                <![CDATA["user should be able to click on all required button"]]>
              </value>
            </param>
            <param index="1">
              <value>
                <![CDATA["Optional[Forth Scenario]"]]>
              </value>
            </param>
          </params>
          <reporter-output>
          </reporter-output>
        </test-method> <!-- runScenario -->
        <test-method signature="runScenario(io.cucumber.testng.PickleWrapper,io.cucumber.testng.FeatureWrapper)[pri:0, instance:com.saucedemo.testscripts.TestRunner@5158b42f]" started-at="2023-04-29T08:51:59 PDT" name="runScenario" description="Runs Cucumber Scenarios" data-provider="scenarios" finished-at="2023-04-29T08:52:06 PDT" duration-ms="6479" status="PASS">
          <params>
            <param index="0">
              <value>
                <![CDATA["User should be able to finish all the process of buying successfully"]]>
              </value>
            </param>
            <param index="1">
              <value>
                <![CDATA["Optional[fifth Sceanrio]"]]>
              </value>
            </param>
          </params>
          <reporter-output>
          </reporter-output>
        </test-method> <!-- runScenario -->
        <test-method is-config="true" signature="tearDownClass()[pri:0, instance:com.saucedemo.testscripts.TestRunner@5158b42f]" started-at="2023-04-29T08:52:06 PDT" name="tearDownClass" finished-at="2023-04-29T08:52:06 PDT" duration-ms="8" status="PASS">
          <reporter-output>
          </reporter-output>
        </test-method> <!-- tearDownClass -->
      </class> <!-- com.saucedemo.testscripts.TestRunner -->
    </test> <!-- Default test -->
  </suite> <!-- Default suite -->
</testng-results>
