<?xml version="1.0" encoding="UTF-8"?>
<testng-results ignored="0" total="1" passed="1" failed="0" skipped="0">
  <reporter-output>
  </reporter-output>
  <suite started-at="2023-05-08T03:48:19 PDT" name="Default suite" finished-at="2023-05-08T03:48:26 PDT" duration-ms="6908">
    <groups>
    </groups>
    <test started-at="2023-05-08T03:48:19 PDT" name="Default test" finished-at="2023-05-08T03:48:26 PDT" duration-ms="6908">
      <class name="demo.GoRest">
        <test-method signature="goRest()[pri:0, instance:demo.GoRest@7dcf94f8]" started-at="2023-05-08T03:48:19 PDT" name="goRest" finished-at="2023-05-08T03:48:26 PDT" duration-ms="6830" status="PASS">
          <reporter-output>
          </reporter-output>
        </test-method> <!-- goRest -->
      </class> <!-- demo.GoRest -->
    </test> <!-- Default test -->
  </suite> <!-- Default suite -->
</testng-results>
