<?xml version="1.0" encoding="UTF-8"?>
<!-- Generated by org.testng.reporters.JUnitXMLReporter -->
<testsuite ignored="0" hostname="DESKTOP-TH331TO" failures="0" tests="5" name="Test" time="44.854" errors="0" timestamp="2023-04-29T08:25:28 PDT">
  <testcase classname="com.saucedeme.testscripts.Scenario1Test" name="buyProducts" time="3.525"/>
  <testcase classname="com.saucedeme.testscripts.Scenario2Test" name="VerifyUserName" time="0.292"/>
  <testcase classname="com.saucedeme.testscripts.Scenario3Test" name="AddItemToCart" time="0.796"/>
  <testcase classname="com.saucedeme.testscripts.Scenario4Test" name="SortPrice" time="0.922"/>
  <testcase classname="com.saucedeme.testscripts.Scenario5Test" name="SuccessMsg" time="1.238"/>
</testsuite> <!-- Test -->
